#
# There is insufficient memory for the Java Runtime Environment to continue.
# Native memory allocation (malloc) failed to allocate 1048576 bytes for AllocateHeap
# Possible reasons:
#   The system is out of physical RAM or swap space
#   In 32 bit mode, the process size limit was hit
# Possible solutions:
#   Reduce memory load on the system
#   Increase physical memory or swap space
#   Check if swap backing store is full
#   Use 64 bit Java on a 64 bit OS
#   Decrease Java heap size (-Xmx/-Xms)
#   Decrease number of Java threads
#   Decrease Java thread stack sizes (-Xss)
#   Set larger code cache with -XX:ReservedCodeCacheSize=
# This output file may be truncated or incomplete.
#
#  Out of Memory Error (memory/allocation.inline.hpp:61), pid=12884, tid=3184
#
# JRE version:  (7.0_40-b43) (build )
# Java VM: Java HotSpot(TM) 64-Bit Server VM (24.0-b56 mixed mode windows-amd64 compressed oops)
# Failed to write core dump. Minidumps are not enabled by default on client versions of Windows
#

---------------  T H R E A D  ---------------

Current thread (0x0000000002488000):  JavaThread "Unknown thread" [_thread_in_vm, id=3184, stack(0x0000000002810000,0x0000000002910000)]

Stack: [0x0000000002810000,0x0000000002910000]

---------------  P R O C E S S  ---------------

Java Threads: ( => current thread )

Other Threads:

=>0x0000000002488000 (exited) JavaThread "Unknown thread" [_thread_in_vm, id=3184, stack(0x0000000002810000,0x0000000002910000)]

VM state:not at safepoint (normal execution)

VM Mutex/Monitor currently owned by a thread: None

Heap
 PSYoungGen      total 37888K, used 655K [0x00000007d6080000, 0x00000007d8a80000, 0x0000000800000000)
  eden space 32768K, 2% used [0x00000007d6080000,0x00000007d6123de0,0x00000007d8080000)
  from space 5120K, 0% used [0x00000007d8580000,0x00000007d8580000,0x00000007d8a80000)
  to   space 5120K, 0% used [0x00000007d8080000,0x00000007d8080000,0x00000007d8580000)
 ParOldGen       total 85504K, used 0K [0x0000000782200000, 0x0000000787580000, 0x00000007d6080000)
  object space 85504K, 0% used [0x0000000782200000,0x0000000782200000,0x0000000787580000)
 PSPermGen       total 21504K, used 672K [0x000000077d000000, 0x000000077e500000, 0x0000000782200000)
  object space 21504K, 3% used [0x000000077d000000,0x000000077d0a80b0,0x000000077e500000)

Card table byte_map: [0x0000000005910000,0x0000000005d30000] byte_map_base: 0x0000000001d28000

Polling page: 0x0000000000160000

Code Cache  [0x0000000002910000, 0x0000000002b80000, 0x0000000005910000)
 total_blobs=37 nmethods=0 adapters=20 free_code_cache=48890Kb largest_free_block=50063104

Compilation events (0 events):
No events

GC Heap History (0 events):
No events

Deoptimization events (0 events):
No events

Internal exceptions (0 events):
No events

Events (10 events):
Event: 0.051 loading class 0x00000000024cf370
Event: 0.051 loading class 0x00000000024cf370 done
Event: 0.051 loading class 0x00000000024cf3c0
Event: 0.051 loading class 0x00000000024cf3c0 done
Event: 0.051 loading class 0x00000000024cf410
Event: 0.053 loading class 0x00000000024cf410 done
Event: 0.053 loading class 0x00000000024d0170
Event: 0.053 loading class 0x00000000024d0170 done
Event: 0.053 loading class 0x00000000024cfd90
Event: 0.054 loading class 0x00000000024cfd90 done


Dynamic libraries:
0x000000013f4a0000 - 0x000000013f4d3000 	C:\Program Files\Java\jdk1.7.0_40\bin\java.exe
0x00000000772d0000 - 0x0000000077479000 	C:\Windows\SYSTEM32\ntdll.dll
0x0000000076cf0000 - 0x0000000076e0f000 	C:\Windows\system32\kernel32.dll
0x000007fefd880000 - 0x000007fefd8eb000 	C:\Windows\system32\KERNELBASE.dll
0x0000000074af0000 - 0x0000000074b77000 	C:\Windows\System32\SYSFER.DLL
0x000007fefde70000 - 0x000007fefdf4b000 	C:\Windows\system32\ADVAPI32.dll
0x000007fefdd50000 - 0x000007fefddef000 	C:\Windows\system32\msvcrt.dll
0x000007fefe280000 - 0x000007fefe29f000 	C:\Windows\SYSTEM32\sechost.dll
0x000007feff490000 - 0x000007feff5bd000 	C:\Windows\system32\RPCRT4.dll
0x0000000076bf0000 - 0x0000000076cea000 	C:\Windows\system32\USER32.dll
0x000007fefdce0000 - 0x000007fefdd47000 	C:\Windows\system32\GDI32.dll
0x000007fefe410000 - 0x000007fefe41e000 	C:\Windows\system32\LPK.dll
0x000007fefe340000 - 0x000007fefe409000 	C:\Windows\system32\USP10.dll
0x000007fefc1a0000 - 0x000007fefc394000 	C:\Windows\WinSxS\amd64_microsoft.windows.common-controls_6595b64144ccf1df_6.0.7601.17514_none_fa396087175ac9ac\COMCTL32.dll
0x000007feff3a0000 - 0x000007feff411000 	C:\Windows\system32\SHLWAPI.dll
0x000007fefde40000 - 0x000007fefde6e000 	C:\Windows\system32\IMM32.DLL
0x000007feff290000 - 0x000007feff399000 	C:\Windows\system32\MSCTF.dll
0x000000006ad30000 - 0x000000006ae01000 	C:\Program Files\Java\jdk1.7.0_40\jre\bin\msvcr100.dll
0x0000000057fb0000 - 0x0000000058779000 	C:\Program Files\Java\jdk1.7.0_40\jre\bin\server\jvm.dll
0x000007fef5160000 - 0x000007fef5169000 	C:\Windows\system32\WSOCK32.dll
0x000007fefddf0000 - 0x000007fefde3d000 	C:\Windows\system32\WS2_32.dll
0x000007feff420000 - 0x000007feff428000 	C:\Windows\system32\NSI.dll
0x000007fefb3a0000 - 0x000007fefb3db000 	C:\Windows\system32\WINMM.dll
0x00000000774a0000 - 0x00000000774a7000 	C:\Windows\system32\PSAPI.DLL
0x0000000070080000 - 0x000000007008f000 	C:\Program Files\Java\jdk1.7.0_40\jre\bin\verify.dll
0x000000006d4e0000 - 0x000000006d508000 	C:\Program Files\Java\jdk1.7.0_40\jre\bin\java.dll
0x000000006fed0000 - 0x000000006fee5000 	C:\Program Files\Java\jdk1.7.0_40\jre\bin\zip.dll

VM Arguments:
jvm_args: -Dclassworlds.conf=C:\Program Files\NetBeans 7.4 Beta\java\maven\bin\m2.conf -Dmaven.home=C:\Program Files\NetBeans 7.4 Beta\java\maven 
java_command: org.codehaus.plexus.classworlds.launcher.Launcher -Dtest=test.mx.sep.expedicion.dao.BitacoraTest -Dmaven.ext.class.path=C:\Program Files\NetBeans 7.4 Beta\java\maven-nblib\netbeans-cos.jar;C:\Program Files\NetBeans 7.4 Beta\java\maven-nblib\netbeans-eventspy.jar -DnetbeansProjectMappings=mx.sep.inventario:sep-seguridad:1.0-SNAPSHOT=C:\RepositorioLocal\inventario\sep-inventario\sep-seguridad,mx.sep:sep-util:1.0-SNAPSHOT=C:\RepositorioLocal\inventario\sep-inventario\sep-util,mx.sep.inventario:sep-inventario-modelo:1.0-SNAPSHOT=C:\RepositorioLocal\inventario\sep-inventario\sep-inventario-modelo -Pdesarrollo surefire:test
Launcher Type: SUN_STANDARD

Environment Variables:
JAVA_HOME=C:\Program Files\Java\jdk1.7.0_40
CLASSPATH=.;C:\Program Files (x86)\Java\jre6\lib\ext\QTJava.zip
PATH=C:\Program Files\ibm\gsk8\lib64;C:\Program Files\ibm\gsk8\bin;C:\Program Files (x86)\PC Connectivity Solution\;C:\Windows\system32;C:\Windows;C:\Windows\System32\Wbem;C:\Windows\System32\WindowsPowerShell\v1.0\;C:\Program Files (x86)\cvsnt;C:\Program Files (x86)\QuickTime\QTSystem\;C:\Program Files (x86)\ibm\gsk7\bin;C:\Program Files (x86)\ibm\gsk7\lib;C:\WINDOWS\SysWOW64\;PATH;;C:\Program Files (x86)\SSH Communications Security\SSH Secure Shell;C:\WINDOWS\SysWOW64\;C:\Users\JOSE~1.HER\AppData\Local\Temp\sjsas_pe-8_2-windows-ml.exe2\package;C:\Program Files\ibm\gsk8\lib64;C:\Program Files\ibm\gsk8\bin;C:\Program Files (x86)\PC Connectivity Solution\;C:\Windows\system32;C:\Windows;C:\Windows\System32\Wbem;C:\Windows\System32\WindowsPowerShell\v1.0\;C:\Program Files (x86)\cvsnt;C:\Program Files (x86)\QuickTime\QTSystem\;C:\Program Files (x86)\ibm\gsk7\bin;C:\Program Files (x86)\ibm\gsk7\lib;C:\WINDOWS\SysWOW64\;C:\Program Files\ibm\gsk8\lib64;C:\Program Files\ibm\gsk8\bin;C:\Program Files (x86)\PC Connectivity Solution\;C:\Windows\system32;C:\Windows;C:\Windows\System32\Wbem;C:\Windows\System32\WindowsPowerShell\v1.0\;C:\Program Files (x86)\cvsnt;C:\Program Files (x86)\QuickTime\QTSystem\;C:\Program Files (x86)\ibm\gsk7\bin;C:\Program Files (x86)\ibm\gsk7\lib;C:\WINDOWS\SysWOW64\;PATH;C:\Program Files (x86)\SSH Communications Security\SSH Secure Shell;C:\Program Files (x86)\SSH Communications Security\SSH Secure Shell
USERNAME=jose.hernandezb
OS=Windows_NT
PROCESSOR_IDENTIFIER=Intel64 Family 6 Model 37 Stepping 5, GenuineIntel



---------------  S Y S T E M  ---------------

OS: Windows 7 , 64 bit Build 7601 Service Pack 1

CPU:total 4 (2 cores per cpu, 2 threads per core) family 6 model 37 stepping 5, cmov, cx8, fxsr, mmx, sse, sse2, sse3, ssse3, sse4.1, sse4.2, popcnt, aes, ht, tsc, tscinvbit

Memory: 4k page, physical 8244756k(830652k free), swap 8242896k(5812k free)

vm_info: Java HotSpot(TM) 64-Bit Server VM (24.0-b56) for windows-amd64 JRE (1.7.0_40-b43), built on Aug 26 2013 22:38:32 by "java_re" with unknown MS VC++:1600

time: Wed Sep 25 11:00:57 2013
elapsed time: 0 seconds

